<?xml version="1.0" encoding="UTF-8"?>
<testsuite name="rewards.RewardNetworkTests" tests="1" skipped="0" failures="0" errors="0" timestamp="2024-11-22T05:16:06" hostname="Ayas-MacBook-Pro.local" time="0.25">
  <properties/>
  <testcase name="testRewardForDining()" classname="rewards.RewardNetworkTests" time="0.25"/>
  <system-out><![CDATA[INFO : o.s.b.t.c.SpringBootTestContextBootstrapper - Neither @ContextConfiguration nor @ContextHierarchy found for test class [rewards.RewardNetworkTests], using SpringBootContextLoader
INFO : o.s.t.c.support.AbstractContextLoader - Could not detect default resource locations for test class [rewards.RewardNetworkTests]: no resource found for suffixes {-context.xml, Context.groovy}.
INFO : o.s.b.t.c.SpringBootTestContextBootstrapper - Loaded default TestExecutionListener class names from location [META-INF/spring.factories]: [org.springframework.boot.test.autoconfigure.restdocs.RestDocsTestExecutionListener, org.springframework.boot.test.autoconfigure.web.client.MockRestServiceServerResetTestExecutionListener, org.springframework.boot.test.autoconfigure.web.servlet.MockMvcPrintOnlyOnFailureTestExecutionListener, org.springframework.boot.test.autoconfigure.web.servlet.WebDriverTestExecutionListener, org.springframework.boot.test.autoconfigure.webservices.client.MockWebServiceServerTestExecutionListener, org.springframework.boot.test.mock.mockito.MockitoTestExecutionListener, org.springframework.boot.test.mock.mockito.ResetMocksTestExecutionListener, org.springframework.test.context.web.ServletTestExecutionListener, org.springframework.test.context.support.DirtiesContextBeforeModesTestExecutionListener, org.springframework.test.context.event.ApplicationEventsTestExecutionListener, org.springframework.test.context.support.DependencyInjectionTestExecutionListener, org.springframework.test.context.support.DirtiesContextTestExecutionListener, org.springframework.test.context.transaction.TransactionalTestExecutionListener, org.springframework.test.context.jdbc.SqlScriptsTestExecutionListener, org.springframework.test.context.event.EventPublishingTestExecutionListener]
INFO : o.s.b.t.c.SpringBootTestContextBootstrapper - Using TestExecutionListeners: [org.springframework.test.context.support.DirtiesContextBeforeModesTestExecutionListener@7a48e6e2, org.springframework.test.context.event.ApplicationEventsTestExecutionListener@b40bb6e, org.springframework.boot.test.mock.mockito.MockitoTestExecutionListener@3a94964, org.springframework.boot.test.autoconfigure.SpringBootDependencyInjectionTestExecutionListener@5049d8b2, org.springframework.test.context.support.DirtiesContextTestExecutionListener@6d0b5baf, org.springframework.test.context.transaction.TransactionalTestExecutionListener@631e06ab, org.springframework.test.context.jdbc.SqlScriptsTestExecutionListener@2a3591c5, org.springframework.test.context.event.EventPublishingTestExecutionListener@34a75079, org.springframework.boot.test.autoconfigure.restdocs.RestDocsTestExecutionListener@346a361, org.springframework.boot.test.autoconfigure.web.client.MockRestServiceServerResetTestExecutionListener@107ed6fc, org.springframework.boot.test.autoconfigure.web.servlet.MockMvcPrintOnlyOnFailureTestExecutionListener@1643d68f, org.springframework.boot.test.autoconfigure.web.servlet.WebDriverTestExecutionListener@186978a6, org.springframework.boot.test.autoconfigure.webservices.client.MockWebServiceServerTestExecutionListener@2e029d61, org.springframework.boot.test.mock.mockito.ResetMocksTestExecutionListener@482d776b]
 ::                                                         ____
 /\    ____                 ____             _              \ \ \
|/\|  / ___|___  _ __ ___  / ___| _ __  _ __(_)_ __   __ _   \ \ \
     | |   / _ \| '__/ _ \ \___ \| '_ \| '__| | '_ \ / _` |   \ \ \
     | |__| (_) | | |  __/  ___) | |_) | |  | | | | | (_| |   / / /
      \____\___/|_|  \___| |____/| .__/|_|  |_|_| |_|\__, |  / / /
 ================================|_|==================|___/=/_/_/=
   :: Core Spring Training ::                  :: v5.3.23.RELEASE ::

INFO : rewards.RewardNetworkTests - Starting RewardNetworkTests using Java 17.0.12 on Ayas-MacBook-Pro.local with PID 77414 (started by yutaasakura in /Users/yutaasakura/Desktop/RESOURCES/Tierline/spring-projects/core-spring-labfiles/lab/12-javaconfig-dependency-injection)
INFO : rewards.RewardNetworkTests - No active profile set, falling back to 1 default profile: "default"
INFO : rewards.RewardNetworkTests - Started RewardNetworkTests in 5.415 seconds (JVM running for 5.921)
 ::                                                         ____
 /\    ____                 ____             _              \ \ \
|/\|  / ___|___  _ __ ___  / ___| _ __  _ __(_)_ __   __ _   \ \ \
     | |   / _ \| '__/ _ \ \___ \| '_ \| '__| | '_ \ / _` |   \ \ \
     | |__| (_) | | |  __/  ___) | |_) | |  | | | | | (_| |   / / /
      \____\___/|_|  \___| |____/| .__/|_|  |_|_| |_|\__, |  / / /
 ================================|_|==================|___/=/_/_/=
   :: Core Spring Training ::                  :: v5.3.23.RELEASE ::

INFO : w.o.g.p.internal.worker.GradleWorkerMain - Starting GradleWorkerMain using Java 17.0.12 on Ayas-MacBook-Pro.local with PID 77414 (started by yutaasakura in /Users/yutaasakura/Desktop/RESOURCES/Tierline/spring-projects/core-spring-labfiles/lab/12-javaconfig-dependency-injection)
DEBUG: w.o.g.p.internal.worker.GradleWorkerMain - Running with Spring Boot v2.7.5, Spring v5.3.23
INFO : w.o.g.p.internal.worker.GradleWorkerMain - No active profile set, falling back to 1 default profile: "default"
INFO : w.o.g.p.internal.worker.GradleWorkerMain - Started GradleWorkerMain in 0.032 seconds (JVM running for 6.157)
]]></system-out>
  <system-err><![CDATA[]]></system-err>
</testsuite>
